\BOOKMARK [1][-]{section.1}{Executive Summary}{}% 1
\BOOKMARK [1][-]{section.2}{Introduction}{}% 2
\BOOKMARK [2][-]{subsection.2.1}{Motivation}{section.2}% 3
\BOOKMARK [2][-]{subsection.2.2}{Design Inspiration - LWA FEE v1.7}{section.2}% 4
\BOOKMARK [2][-]{subsection.2.3}{Project Goals}{section.2}% 5
\BOOKMARK [3][-]{subsubsection.2.3.1}{Open Design}{subsection.2.3}% 6
\BOOKMARK [3][-]{subsubsection.2.3.2}{Technical}{subsection.2.3}% 7
\BOOKMARK [1][-]{section.3}{Technical Description}{}% 8
\BOOKMARK [2][-]{subsection.3.1}{Background}{section.3}% 9
\BOOKMARK [2][-]{subsection.3.2}{Design Feature Overview}{section.3}% 10
\BOOKMARK [2][-]{subsection.3.3}{Design Deviations from LWA}{section.3}% 11
\BOOKMARK [3][-]{subsubsection.3.3.1}{180 Hybrid Combiner vs RF Transformer}{subsection.3.3}% 12
\BOOKMARK [3][-]{subsubsection.3.3.2}{Filtering}{subsection.3.3}% 13
\BOOKMARK [3][-]{subsubsection.3.3.3}{Voltage Regulator}{subsection.3.3}% 14
\BOOKMARK [2][-]{subsection.3.4}{Polarization}{section.3}% 15
\BOOKMARK [1][-]{section.4}{Schematic}{}% 16
\BOOKMARK [1][-]{section.5}{Measurement}{}% 17
\BOOKMARK [2][-]{subsection.5.1}{Performance Metrics Definition}{section.5}% 18
\BOOKMARK [2][-]{subsection.5.2}{Measurement Results}{section.5}% 19
\BOOKMARK [1][-]{section.6}{Prototype Crossed Dipole HF Antenna}{}% 20
\BOOKMARK [2][-]{subsection.6.1}{Antenna Element Selection}{section.6}% 21
\BOOKMARK [2][-]{subsection.6.2}{PCB Assembly}{section.6}% 22
\BOOKMARK [1][-]{section.7}{Conclusion}{}% 23
